<?xml version="1.0" encoding="UTF-8"?>
<!-- Generated by org.testng.reporters.JUnitXMLReporter -->
<testsuite hostname="DELL-PC" ignored="0" name="Default test" tests="2" failures="0" timestamp="09 Jan 2018 00:17:56 GMT" time="31.39" errors="0">
  <testcase name="testLogin" time="5.977" classname="com.test.autoset.quickstart.homepage.TC003_VerifyLoginWithDifferentRecords"/>
  <testcase name="testLogin" time="0.003" classname="com.test.autoset.quickstart.homepage.TC003_VerifyLoginWithDifferentRecords">
    <skipped/>
  </testcase> <!-- testLogin -->
</testsuite> <!-- Default test -->
