<?xml version="1.0" encoding="UTF-8"?>
<!-- Generated by org.testng.reporters.JUnitXMLReporter -->
<testsuite hostname="DELL-PC" ignored="0" name="Default test" tests="2" failures="0" timestamp="06 Jan 2018 08:47:35 GMT" time="42.115" errors="0">
  <testcase name="testLogin" time="11.43" classname="com.test.autoset.quickstart.homepage.TC003_VerifyLoginWithDifferentRecords"/>
  <testcase name="testLogin" time="0.007" classname="com.test.autoset.quickstart.homepage.TC003_VerifyLoginWithDifferentRecords">
    <skipped/>
  </testcase> <!-- testLogin -->
</testsuite> <!-- Default test -->
