<?xml version="1.0" encoding="UTF-8"?>
<testng-results skipped="1" failed="0" ignored="0" total="2" passed="1">
  <reporter-output>
    <line>
      <![CDATA[<a href= 'D:\Eclipse_Workspace\quickstart\src\main\java\com\test\autoset\quickstat\screenshot\testLoginnayan__06_01-2018_02_17_33.png'> <img src='D:\Eclipse_Workspace\quickstart\src\main\java\com\test\autoset\quickstat\screenshot\testLoginnayan__06_01-2018_02_17_33.png' height='100' width ='100'/></a>]]>
    </line>
  </reporter-output>
  <suite name="Default suite" duration-ms="42115" started-at="2018-01-06T08:46:53Z" finished-at="2018-01-06T08:47:35Z">
    <groups>
    </groups>
    <test name="Default test" duration-ms="42115" started-at="2018-01-06T08:46:53Z" finished-at="2018-01-06T08:47:35Z">
      <class name="com.test.autoset.quickstart.homepage.TC003_VerifyLoginWithDifferentRecords">
        <test-method status="PASS" signature="setup()[pri:0, instance:com.test.autoset.quickstart.homepage.TC003_VerifyLoginWithDifferentRecords@5700d6b1]" name="setup" is-config="true" duration-ms="27529" started-at="2018-01-06T14:16:53Z" finished-at="2018-01-06T14:17:21Z">
          <reporter-output>
          </reporter-output>
        </test-method> <!-- setup -->
        <test-method status="PASS" signature="testLogin(java.lang.String, java.lang.String, java.lang.String)[pri:0, instance:com.test.autoset.quickstart.homepage.TC003_VerifyLoginWithDifferentRecords@5700d6b1]" name="testLogin" duration-ms="11430" started-at="2018-01-06T14:17:23Z" data-provider="loginData" finished-at="2018-01-06T14:17:34Z">
          <params>
            <param index="0">
              <value>
                <![CDATA[nayan]]>
              </value>
            </param>
            <param index="1">
              <value>
                <![CDATA[agrawal]]>
              </value>
            </param>
            <param index="2">
              <value>
                <![CDATA[y]]>
              </value>
            </param>
          </params>
          <reporter-output>
            <line>
              <![CDATA[<a href= 'D:\Eclipse_Workspace\quickstart\src\main\java\com\test\autoset\quickstat\screenshot\testLoginnayan__06_01-2018_02_17_33.png'> <img src='D:\Eclipse_Workspace\quickstart\src\main\java\com\test\autoset\quickstat\screenshot\testLoginnayan__06_01-2018_02_17_33.png' height='100' width ='100'/></a>]]>
            </line>
          </reporter-output>
        </test-method> <!-- testLogin -->
        <test-method status="SKIP" signature="testLogin(java.lang.String, java.lang.String, java.lang.String)[pri:0, instance:com.test.autoset.quickstart.homepage.TC003_VerifyLoginWithDifferentRecords@5700d6b1]" name="testLogin" duration-ms="7" started-at="2018-01-06T14:17:34Z" data-provider="loginData" finished-at="2018-01-06T14:17:34Z">
          <params>
            <param index="0">
              <value>
                <![CDATA[nayan_01]]>
              </value>
            </param>
            <param index="1">
              <value>
                <![CDATA[qwq_02]]>
              </value>
            </param>
            <param index="2">
              <value>
                <![CDATA[n]]>
              </value>
            </param>
          </params>
          <exception class="org.testng.SkipException">
            <message>
              <![CDATA[User makred it as no run]]>
            </message>
            <full-stacktrace>
              <![CDATA[org.testng.SkipException: User makred it as no run
	at com.test.autoset.quickstart.homepage.TC003_VerifyLoginWithDifferentRecords.testLogin(TC003_VerifyLoginWithDifferentRecords.java:35)
	at sun.reflect.NativeMethodAccessorImpl.invoke0(Native Method)
	at sun.reflect.NativeMethodAccessorImpl.invoke(NativeMethodAccessorImpl.java:62)
	at sun.reflect.DelegatingMethodAccessorImpl.invoke(DelegatingMethodAccessorImpl.java:43)
	at java.lang.reflect.Method.invoke(Method.java:498)
	at org.testng.internal.MethodInvocationHelper.invokeMethod(MethodInvocationHelper.java:104)
	at org.testng.internal.Invoker.invokeMethod(Invoker.java:645)
	at org.testng.internal.Invoker.invokeTestMethod(Invoker.java:851)
	at org.testng.internal.Invoker.invokeTestMethods(Invoker.java:1177)
	at org.testng.internal.TestMethodWorker.invokeTestMethods(TestMethodWorker.java:129)
	at org.testng.internal.TestMethodWorker.run(TestMethodWorker.java:112)
	at org.testng.TestRunner.privateRun(TestRunner.java:756)
	at org.testng.TestRunner.run(TestRunner.java:610)
	at org.testng.SuiteRunner.runTest(SuiteRunner.java:387)
	at org.testng.SuiteRunner.runSequentially(SuiteRunner.java:382)
	at org.testng.SuiteRunner.privateRun(SuiteRunner.java:340)
	at org.testng.SuiteRunner.run(SuiteRunner.java:289)
	at org.testng.SuiteRunnerWorker.runSuite(SuiteRunnerWorker.java:52)
	at org.testng.SuiteRunnerWorker.run(SuiteRunnerWorker.java:86)
	at org.testng.TestNG.runSuitesSequentially(TestNG.java:1293)
	at org.testng.TestNG.runSuitesLocally(TestNG.java:1218)
	at org.testng.TestNG.runSuites(TestNG.java:1133)
	at org.testng.TestNG.run(TestNG.java:1104)
	at org.testng.remote.AbstractRemoteTestNG.run(AbstractRemoteTestNG.java:114)
	at org.testng.remote.RemoteTestNG.initAndRun(RemoteTestNG.java:251)
	at org.testng.remote.RemoteTestNG.main(RemoteTestNG.java:77)
]]>
            </full-stacktrace>
          </exception> <!-- org.testng.SkipException -->
          <reporter-output>
          </reporter-output>
        </test-method> <!-- testLogin -->
        <test-method status="PASS" signature="endTest()[pri:0, instance:com.test.autoset.quickstart.homepage.TC003_VerifyLoginWithDifferentRecords@5700d6b1]" name="endTest" is-config="true" duration-ms="1010" started-at="2018-01-06T14:17:34Z" finished-at="2018-01-06T14:17:35Z">
          <reporter-output>
          </reporter-output>
        </test-method> <!-- endTest -->
      </class> <!-- com.test.autoset.quickstart.homepage.TC003_VerifyLoginWithDifferentRecords -->
    </test> <!-- Default test -->
  </suite> <!-- Default suite -->
</testng-results>
